  나이순정렬.cpp
c:\program files (x86)\microsoft visual studio\2017\community\vc\tools\msvc\14.15.26726\include\xutility(1108): error C2664: 'bool cmp::operator ()(int,int)': 인수 1을(를) 'std::pair<int,std::string>'에서 'int'(으)로 변환할 수 없습니다.
  c:\program files (x86)\microsoft visual studio\2017\community\vc\tools\msvc\14.15.26726\include\xutility(1108): note: 이 변환을 수행할 수 있는 사용 가능한 사용자 정의 변환 연산자가 없거나 연산자를 호출할 수 없습니다.
  c:\program files (x86)\microsoft visual studio\2017\community\vc\tools\msvc\14.15.26726\include\xutility(1107): note: 컴파일 중인 함수 템플릿 인스턴스화 'bool std::_Debug_lt_pred<_Pr&,std::pair<int,std::string>&,_Ty&>(cmp&,_Ty1,_Ty2) noexcept(<expr>)'에 대한 참조를 확인하십시오.
          with
          [
              _Pr=cmp,
              _Ty=std::pair<int,std::string>,
              _Ty1=std::pair<int,std::string> &,
              _Ty2=std::pair<int,std::string> &
          ]
  c:\program files (x86)\microsoft visual studio\2017\community\vc\tools\msvc\14.15.26726\include\algorithm(2960): note: 컴파일 중인 함수 템플릿 인스턴스화 'void std::_Push_heap_by_index<std::pair<int,std::string>*,std::pair<int,std::string>,_Fn>(_RanIt,int,int,_Ty &&,_Pr)'에 대한 참조를 확인하십시오.
          with
          [
              _Fn=cmp,
              _RanIt=std::pair<int,std::string> *,
              _Ty=std::pair<int,std::string>,
              _Pr=cmp
          ]
  c:\program files (x86)\microsoft visual studio\2017\community\vc\tools\msvc\14.15.26726\include\queue(355): note: 컴파일 중인 함수 템플릿 인스턴스화 'void std::push_heap<std::_Vector_iterator<std::_Vector_val<std::_Simple_types<_Ty>>>,_Pr>(_RanIt,_RanIt,_Pr)'에 대한 참조를 확인하십시오.
          with
          [
              _Ty=std::pair<int,std::string>,
              _Pr=cmp,
              _RanIt=std::_Vector_iterator<std::_Vector_val<std::_Simple_types<std::pair<int,std::string>>>>
          ]
  c:\program files (x86)\microsoft visual studio\2017\community\vc\tools\msvc\14.15.26726\include\queue(353): note: 클래스 템플릿 멤버 함수 'void std::priority_queue<std::pair<int,std::string>,std::vector<std::pair<int,std::string>,std::allocator<_Ty>>,cmp>::push(std::pair<int,std::string> &&)'을(를) 컴파일하고 있습니다.
          with
          [
              _Ty=std::pair<int,std::string>
          ]
  c:\users\duddn\onedrive\바탕 화면\알고리즘\baekjoon\sort\10814\10814\나이순정렬.cpp(22): note: 컴파일 중인 함수 템플릿 인스턴스화 'void std::priority_queue<std::pair<int,std::string>,std::vector<std::pair<int,std::string>,std::allocator<_Ty>>,cmp>::push(std::pair<int,std::string> &&)'에 대한 참조를 확인하십시오.
          with
          [
              _Ty=std::pair<int,std::string>
          ]
  c:\users\duddn\onedrive\바탕 화면\알고리즘\baekjoon\sort\10814\10814\나이순정렬.cpp(16): note: 컴파일 중인 클래스 템플릿 인스턴스화 'std::priority_queue<std::pair<int,std::string>,std::vector<std::pair<int,std::string>,std::allocator<_Ty>>,cmp>'에 대한 참조를 확인하세요.
          with
          [
              _Ty=std::pair<int,std::string>
          ]
c:\program files (x86)\microsoft visual studio\2017\community\vc\tools\msvc\14.15.26726\include\xutility(1108): error C2056: 식이 잘못되었습니다.
c:\program files (x86)\microsoft visual studio\2017\community\vc\tools\msvc\14.15.26726\include\xutility(1108): error C2664: 'bool cmp::operator ()(int,int)': 인수 1을(를) '_Ty'에서 'int'(으)로 변환할 수 없습니다.
          with
          [
              _Ty=std::pair<int,std::string>
          ]
  c:\program files (x86)\microsoft visual studio\2017\community\vc\tools\msvc\14.15.26726\include\xutility(1108): note: 이 변환을 수행할 수 있는 사용 가능한 사용자 정의 변환 연산자가 없거나 연산자를 호출할 수 없습니다.
